000 (9155458.000.000) 01/17 09:27:49 Job submitted from host: <137.138.156.150:9618?addrs=137.138.156.150-9618+[2001-1458-d00-14--9a]-9618&alias=bigbird13.cern.ch&noUDP&sock=schedd_2127_8608>
...
009 (9155446.000.000) 01/17 09:28:35 Job was aborted.
	via condor_rm (by user legao)

	Job terminated by itself at 2024-01-17T07:51:12Z (using method 0: OF_ITS_OWN_ACCORD).
...
040 (9155458.000.000) 01/17 09:34:00 Started transferring input files
	Transferring to host: <128.142.52.10:9618?addrs=128.142.52.10-9618+[2001-1458-301-1b--100-7]-9618&alias=b9g02p4813.cern.ch&noUDP&sock=slot1_5_6358_893c_59913>
...
001 (9155458.000.000) 01/17 09:34:01 Job executing on host: <128.142.52.10:9618?addrs=128.142.52.10-9618+[2001-1458-301-1b--100-7]-9618&alias=b9g02p4813.cern.ch&noUDP&sock=startd_6318_3372>
...
040 (9155458.000.000) 01/17 09:34:01 Finished transferring input files
...
006 (9155458.000.000) 01/17 09:34:09 Image size of job updated: 171892
	168  -  MemoryUsage of job (MB)
	171892  -  ResidentSetSize of job (KB)
...
006 (9155458.000.000) 01/17 09:39:09 Image size of job updated: 4283040
	4183  -  MemoryUsage of job (MB)
	4283040  -  ResidentSetSize of job (KB)
...
040 (9155458.000.000) 01/17 10:00:52 Started transferring output files
...
040 (9155458.000.000) 01/17 10:00:52 Finished transferring output files
...
012 (9155458.000.000) 01/17 10:00:52 Job was held.
	Job held by ON_EXIT_HOLD due to exit code 85.
	Code 3 Subcode 0
...
013 (9155458.000.000) 01/17 11:01:33 Job was released.
	The job attribute PeriodicRelease expression '(NumJobStarts < 3) && ((CurrentTime - EnteredCurrentStatus) > 60 * 60)' evaluated to TRUE
...
040 (9155458.000.000) 01/17 11:06:57 Started transferring input files
	Transferring to host: <188.184.163.152:9618?addrs=188.184.163.152-9618+[2001-1458-301-4d--100-92]-9618&alias=b9s12p0931.cern.ch&noUDP&sock=slot1_8_437337_3ad1_784>
...
040 (9155458.000.000) 01/17 11:06:57 Finished transferring input files
...
001 (9155458.000.000) 01/17 11:06:57 Job executing on host: <188.184.163.152:9618?addrs=188.184.163.152-9618+[2001-1458-301-4d--100-92]-9618&alias=b9s12p0931.cern.ch&noUDP&sock=startd_437296_4302>
...
040 (9155458.000.000) 01/17 11:39:35 Started transferring output files
...
040 (9155458.000.000) 01/17 11:39:36 Finished transferring output files
...
012 (9155458.000.000) 01/17 11:39:36 Job was held.
	Job held by ON_EXIT_HOLD due to exit code 85.
	Code 3 Subcode 0
...
000 (9155583.000.000) 01/17 12:19:14 Job submitted from host: <137.138.156.150:9618?addrs=137.138.156.150-9618+[2001-1458-d00-14--9a]-9618&alias=bigbird13.cern.ch&noUDP&sock=schedd_2127_8608>
...
009 (9155458.000.000) 01/17 12:19:25 Job was aborted.
	via condor_rm (by user legao)

	Job terminated by itself at 2024-01-17T10:39:35Z (using method 0: OF_ITS_OWN_ACCORD).
...
040 (9155583.000.000) 01/17 12:25:18 Started transferring input files
	Transferring to host: <188.184.162.164:9618?addrs=188.184.162.164-9618+[2001-1458-301-4a--100-9e]-9618&alias=b9s11p2685.cern.ch&noUDP&sock=slot1_4_536983_d9e5_719>
...
040 (9155583.000.000) 01/17 12:25:18 Finished transferring input files
...
001 (9155583.000.000) 01/17 12:25:18 Job executing on host: <188.184.162.164:9618?addrs=188.184.162.164-9618+[2001-1458-301-4a--100-9e]-9618&alias=b9s11p2685.cern.ch&noUDP&sock=startd_536944_805b>
...
006 (9155583.000.000) 01/17 12:25:27 Image size of job updated: 205348
	187  -  MemoryUsage of job (MB)
	190972  -  ResidentSetSize of job (KB)
...
006 (9155583.000.000) 01/17 12:30:28 Image size of job updated: 4040784
	3889  -  MemoryUsage of job (MB)
	3981660  -  ResidentSetSize of job (KB)
...
006 (9155583.000.000) 01/17 12:35:29 Image size of job updated: 4097720
	3930  -  MemoryUsage of job (MB)
	4023816  -  ResidentSetSize of job (KB)
...
006 (9155583.000.000) 01/17 12:40:29 Image size of job updated: 4113864
	3960  -  MemoryUsage of job (MB)
	4054764  -  ResidentSetSize of job (KB)
...
006 (9155583.000.000) 01/17 12:45:31 Image size of job updated: 4147520
	3960  -  MemoryUsage of job (MB)
	4054764  -  ResidentSetSize of job (KB)
...
040 (9155583.000.000) 01/17 12:54:10 Started transferring output files
...
040 (9155583.000.000) 01/17 12:54:10 Finished transferring output files
...
012 (9155583.000.000) 01/17 12:54:10 Job was held.
	Job held by ON_EXIT_HOLD due to exit code 85.
	Code 3 Subcode 0
...
